<?xml version="1.0" encoding="utf-8"?>
<!DOCTYPE hibernate-configuration PUBLIC
        "-//Hibernate/Hibernate Configuration DTD 3.0//EN"
        "http://hibernate.sourceforge.net/hibernate-configuration-3.0.dtd">

<hibernate-configuration>
    <session-factory>
        <mapping class="org.openmrs.module.wellnessinventory.api.model.InventoryItem"/>
        <mapping class="org.openmrs.module.wellnessinventory.api.model.ItemType"/>
        <mapping class="org.openmrs.module.wellnessinventory.api.model.StockRoom"/>
    </session-factory>
</hibernate-configuration>
